{"C:\\Google Keep Clone\\src\\controllers\\note.controller.js": {"path":"C:\\Google Keep Clone\\src\\controllers\\note.controller.js","statementMap":{"0":{"start":{"line":1,"column":18},"end":{"line":1,"column":49}},"1":{"start":{"line":3,"column":0},"end":{"line":10,"column":2}},"2":{"start":{"line":4,"column":2},"end":{"line":9,"column":3}},"3":{"start":{"line":5,"column":18},"end":{"line":5,"column":42}},"4":{"start":{"line":6,"column":4},"end":{"line":6,"column":20}},"5":{"start":{"line":8,"column":4},"end":{"line":8,"column":51}},"6":{"start":{"line":12,"column":0},"end":{"line":30,"column":2}},"7":{"start":{"line":13,"column":2},"end":{"line":29,"column":3}},"8":{"start":{"line":14,"column":99},"end":{"line":14,"column":107}},"9":{"start":{"line":15,"column":19},"end":{"line":15,"column":35}},"10":{"start":{"line":16,"column":19},"end":{"line":16,"column":32}},"11":{"start":{"line":17,"column":22},"end":{"line":17,"column":41}},"12":{"start":{"line":18,"column":23},"end":{"line":18,"column":43}},"13":{"start":{"line":20,"column":20},"end":{"line":20,"column":24}},"14":{"start":{"line":21,"column":4},"end":{"line":23,"column":5}},"15":{"start":{"line":22,"column":6},"end":{"line":22,"column":63}},"16":{"start":{"line":25,"column":20},"end":{"line":25,"column":108}},"17":{"start":{"line":26,"column":4},"end":{"line":26,"column":34}},"18":{"start":{"line":28,"column":4},"end":{"line":28,"column":51}},"19":{"start":{"line":32,"column":0},"end":{"line":53,"column":2}},"20":{"start":{"line":33,"column":2},"end":{"line":52,"column":3}},"21":{"start":{"line":34,"column":19},"end":{"line":34,"column":29}},"22":{"start":{"line":35,"column":99},"end":{"line":35,"column":107}},"23":{"start":{"line":37,"column":19},"end":{"line":37,"column":35}},"24":{"start":{"line":38,"column":19},"end":{"line":38,"column":32}},"25":{"start":{"line":39,"column":22},"end":{"line":39,"column":41}},"26":{"start":{"line":40,"column":21},"end":{"line":40,"column":39}},"27":{"start":{"line":41,"column":23},"end":{"line":41,"column":43}},"28":{"start":{"line":43,"column":20},"end":{"line":43,"column":24}},"29":{"start":{"line":44,"column":4},"end":{"line":46,"column":5}},"30":{"start":{"line":45,"column":6},"end":{"line":45,"column":63}},"31":{"start":{"line":48,"column":24},"end":{"line":48,"column":126}},"32":{"start":{"line":49,"column":4},"end":{"line":49,"column":26}},"33":{"start":{"line":51,"column":4},"end":{"line":51,"column":51}},"34":{"start":{"line":55,"column":0},"end":{"line":63,"column":2}},"35":{"start":{"line":56,"column":2},"end":{"line":62,"column":3}},"36":{"start":{"line":57,"column":19},"end":{"line":57,"column":29}},"37":{"start":{"line":58,"column":4},"end":{"line":58,"column":31}},"38":{"start":{"line":59,"column":4},"end":{"line":59,"column":54}},"39":{"start":{"line":61,"column":4},"end":{"line":61,"column":51}}},"fnMap":{"0":{"name":"(anonymous_0)","decl":{"start":{"line":3,"column":19},"end":{"line":3,"column":20}},"loc":{"start":{"line":3,"column":39},"end":{"line":10,"column":1}},"line":3},"1":{"name":"(anonymous_1)","decl":{"start":{"line":12,"column":21},"end":{"line":12,"column":22}},"loc":{"start":{"line":12,"column":41},"end":{"line":30,"column":1}},"line":12},"2":{"name":"(anonymous_2)","decl":{"start":{"line":32,"column":21},"end":{"line":32,"column":22}},"loc":{"start":{"line":32,"column":41},"end":{"line":53,"column":1}},"line":32},"3":{"name":"(anonymous_3)","decl":{"start":{"line":55,"column":21},"end":{"line":55,"column":22}},"loc":{"start":{"line":55,"column":41},"end":{"line":63,"column":1}},"line":55}},"branchMap":{"0":{"loc":{"start":{"line":15,"column":19},"end":{"line":15,"column":35}},"type":"binary-expr","locations":[{"start":{"line":15,"column":19},"end":{"line":15,"column":24}},{"start":{"line":15,"column":28},"end":{"line":15,"column":35}}],"line":15},"1":{"loc":{"start":{"line":16,"column":19},"end":{"line":16,"column":32}},"type":"binary-expr","locations":[{"start":{"line":16,"column":19},"end":{"line":16,"column":24}},{"start":{"line":16,"column":28},"end":{"line":16,"column":32}}],"line":16},"2":{"loc":{"start":{"line":17,"column":22},"end":{"line":17,"column":41}},"type":"cond-expr","locations":[{"start":{"line":17,"column":36},"end":{"line":17,"column":37}},{"start":{"line":17,"column":40},"end":{"line":17,"column":41}}],"line":17},"3":{"loc":{"start":{"line":18,"column":23},"end":{"line":18,"column":43}},"type":"cond-expr","locations":[{"start":{"line":18,"column":38},"end":{"line":18,"column":39}},{"start":{"line":18,"column":42},"end":{"line":18,"column":43}}],"line":18},"4":{"loc":{"start":{"line":21,"column":4},"end":{"line":23,"column":5}},"type":"if","locations":[{"start":{"line":21,"column":4},"end":{"line":23,"column":5}},{"start":{},"end":{}}],"line":21},"5":{"loc":{"start":{"line":21,"column":8},"end":{"line":21,"column":52}},"type":"binary-expr","locations":[{"start":{"line":21,"column":8},"end":{"line":21,"column":21}},{"start":{"line":21,"column":25},"end":{"line":21,"column":52}}],"line":21},"6":{"loc":{"start":{"line":37,"column":19},"end":{"line":37,"column":35}},"type":"binary-expr","locations":[{"start":{"line":37,"column":19},"end":{"line":37,"column":24}},{"start":{"line":37,"column":28},"end":{"line":37,"column":35}}],"line":37},"7":{"loc":{"start":{"line":38,"column":19},"end":{"line":38,"column":32}},"type":"binary-expr","locations":[{"start":{"line":38,"column":19},"end":{"line":38,"column":24}},{"start":{"line":38,"column":28},"end":{"line":38,"column":32}}],"line":38},"8":{"loc":{"start":{"line":39,"column":22},"end":{"line":39,"column":41}},"type":"cond-expr","locations":[{"start":{"line":39,"column":36},"end":{"line":39,"column":37}},{"start":{"line":39,"column":40},"end":{"line":39,"column":41}}],"line":39},"9":{"loc":{"start":{"line":40,"column":21},"end":{"line":40,"column":39}},"type":"cond-expr","locations":[{"start":{"line":40,"column":34},"end":{"line":40,"column":35}},{"start":{"line":40,"column":38},"end":{"line":40,"column":39}}],"line":40},"10":{"loc":{"start":{"line":41,"column":23},"end":{"line":41,"column":43}},"type":"cond-expr","locations":[{"start":{"line":41,"column":38},"end":{"line":41,"column":39}},{"start":{"line":41,"column":42},"end":{"line":41,"column":43}}],"line":41},"11":{"loc":{"start":{"line":44,"column":4},"end":{"line":46,"column":5}},"type":"if","locations":[{"start":{"line":44,"column":4},"end":{"line":46,"column":5}},{"start":{},"end":{}}],"line":44},"12":{"loc":{"start":{"line":44,"column":8},"end":{"line":44,"column":52}},"type":"binary-expr","locations":[{"start":{"line":44,"column":8},"end":{"line":44,"column":21}},{"start":{"line":44,"column":25},"end":{"line":44,"column":52}}],"line":44}},"s":{"0":1,"1":1,"2":0,"3":0,"4":0,"5":0,"6":1,"7":1,"8":1,"9":1,"10":1,"11":1,"12":1,"13":1,"14":1,"15":0,"16":1,"17":1,"18":0,"19":1,"20":1,"21":1,"22":1,"23":1,"24":1,"25":1,"26":1,"27":1,"28":1,"29":1,"30":0,"31":1,"32":1,"33":0,"34":1,"35":0,"36":0,"37":0,"38":0,"39":0},"f":{"0":0,"1":1,"2":1,"3":0},"b":{"0":[1,0],"1":[1,0],"2":[0,1],"3":[0,1],"4":[0,1],"5":[1,0],"6":[1,0],"7":[1,0],"8":[0,1],"9":[1,0],"10":[0,1],"11":[0,1],"12":[1,0]},"_coverageSchema":"1a1c01bbd47fc00a2c39e90264f33305004495a9","hash":"d2e46210a8f51eac2a3a060d70186a3bddcf50eb"}
,"C:\\Google Keep Clone\\src\\database\\db.js": {"path":"C:\\Google Keep Clone\\src\\database\\db.js","statementMap":{"0":{"start":{"line":1,"column":14},"end":{"line":1,"column":39}},"1":{"start":{"line":2,"column":0},"end":{"line":2,"column":27}},"2":{"start":{"line":4,"column":13},"end":{"line":11,"column":2}},"3":{"start":{"line":13,"column":0},"end":{"line":13,"column":22}}},"fnMap":{},"branchMap":{"0":{"loc":{"start":{"line":5,"column":8},"end":{"line":5,"column":42}},"type":"binary-expr","locations":[{"start":{"line":5,"column":8},"end":{"line":5,"column":27}},{"start":{"line":5,"column":31},"end":{"line":5,"column":42}}],"line":5},"1":{"loc":{"start":{"line":6,"column":8},"end":{"line":6,"column":37}},"type":"binary-expr","locations":[{"start":{"line":6,"column":8},"end":{"line":6,"column":27}},{"start":{"line":6,"column":31},"end":{"line":6,"column":37}}],"line":6},"2":{"loc":{"start":{"line":7,"column":12},"end":{"line":7,"column":41}},"type":"binary-expr","locations":[{"start":{"line":7,"column":12},"end":{"line":7,"column":35}},{"start":{"line":7,"column":39},"end":{"line":7,"column":41}}],"line":7},"3":{"loc":{"start":{"line":8,"column":12},"end":{"line":8,"column":44}},"type":"binary-expr","locations":[{"start":{"line":8,"column":12},"end":{"line":8,"column":31}},{"start":{"line":8,"column":35},"end":{"line":8,"column":44}}],"line":8}},"s":{"0":1,"1":1,"2":1,"3":1},"f":{},"b":{"0":[1,1],"1":[1,1],"2":[1,1],"3":[1,1]},"_coverageSchema":"1a1c01bbd47fc00a2c39e90264f33305004495a9","hash":"0a65a4cc068a92caeb4c142e07ace8839a5713b7"}
,"C:\\Google Keep Clone\\src\\models\\note.model.js": {"path":"C:\\Google Keep Clone\\src\\models\\note.model.js","statementMap":{"0":{"start":{"line":1,"column":11},"end":{"line":1,"column":36}},"1":{"start":{"line":3,"column":18},"end":{"line":29,"column":1}},"2":{"start":{"line":5,"column":19},"end":{"line":5,"column":73}},"3":{"start":{"line":6,"column":4},"end":{"line":6,"column":16}},"4":{"start":{"line":10,"column":21},"end":{"line":13,"column":5}},"5":{"start":{"line":14,"column":4},"end":{"line":14,"column":122}},"6":{"start":{"line":18,"column":4},"end":{"line":21,"column":6}},"7":{"start":{"line":22,"column":4},"end":{"line":22,"column":102}},"8":{"start":{"line":26,"column":4},"end":{"line":26,"column":59}},"9":{"start":{"line":27,"column":4},"end":{"line":27,"column":16}},"10":{"start":{"line":31,"column":0},"end":{"line":31,"column":27}}},"fnMap":{"0":{"name":"(anonymous_0)","decl":{"start":{"line":4,"column":10},"end":{"line":4,"column":11}},"loc":{"start":{"line":4,"column":22},"end":{"line":7,"column":3}},"line":4},"1":{"name":"(anonymous_1)","decl":{"start":{"line":9,"column":10},"end":{"line":9,"column":11}},"loc":{"start":{"line":9,"column":92},"end":{"line":15,"column":3}},"line":9},"2":{"name":"(anonymous_2)","decl":{"start":{"line":17,"column":10},"end":{"line":17,"column":11}},"loc":{"start":{"line":17,"column":108},"end":{"line":23,"column":3}},"line":17},"3":{"name":"(anonymous_3)","decl":{"start":{"line":25,"column":10},"end":{"line":25,"column":11}},"loc":{"start":{"line":25,"column":24},"end":{"line":28,"column":3}},"line":25}},"branchMap":{},"s":{"0":3,"1":3,"2":2,"3":2,"4":2,"5":2,"6":1,"7":1,"8":2,"9":2,"10":3},"f":{"0":2,"1":2,"2":1,"3":2},"b":{},"_coverageSchema":"1a1c01bbd47fc00a2c39e90264f33305004495a9","hash":"6fffac68ea6ceab1f1bd215a8547a402beb89fe1"}
}
