TN:
SF:src\controllers\note.controller.js
FN:3,(anonymous_0)
FN:12,(anonymous_1)
FN:32,(anonymous_2)
FN:55,(anonymous_3)
FNF:4
FNH:4
FNDA:2,(anonymous_0)
FNDA:6,(anonymous_1)
FNDA:3,(anonymous_2)
FNDA:2,(anonymous_3)
DA:1,2
DA:3,2
DA:4,2
DA:5,2
DA:6,1
DA:8,1
DA:12,2
DA:13,6
DA:14,6
DA:15,6
DA:16,6
DA:17,6
DA:18,6
DA:20,6
DA:21,6
DA:22,1
DA:25,6
DA:26,5
DA:28,1
DA:32,2
DA:33,3
DA:34,3
DA:35,3
DA:37,3
DA:38,3
DA:39,3
DA:40,3
DA:41,3
DA:43,3
DA:44,3
DA:45,0
DA:48,3
DA:49,2
DA:51,1
DA:55,2
DA:56,2
DA:57,2
DA:58,2
DA:59,1
DA:61,1
LF:40
LH:39
BRDA:15,0,0,6
BRDA:15,0,1,5
BRDA:16,1,0,6
BRDA:16,1,1,5
BRDA:17,2,0,0
BRDA:17,2,1,6
BRDA:18,3,0,0
BRDA:18,3,1,6
BRDA:21,4,0,1
BRDA:21,4,1,5
BRDA:21,5,0,6
BRDA:21,5,1,2
BRDA:37,6,0,3
BRDA:37,6,1,2
BRDA:38,7,0,3
BRDA:38,7,1,2
BRDA:39,8,0,0
BRDA:39,8,1,3
BRDA:40,9,0,2
BRDA:40,9,1,1
BRDA:41,10,0,0
BRDA:41,10,1,3
BRDA:44,11,0,0
BRDA:44,11,1,3
BRDA:44,12,0,3
BRDA:44,12,1,0
BRF:26
BRH:20
end_of_record
TN:
SF:src\database\db.js
FNF:0
FNH:0
DA:1,2
DA:2,2
DA:4,2
DA:13,2
LF:4
LH:4
BRDA:5,0,0,2
BRDA:5,0,1,2
BRDA:6,1,0,2
BRDA:6,1,1,2
BRDA:7,2,0,2
BRDA:7,2,1,2
BRDA:8,3,0,2
BRDA:8,3,1,2
BRF:8
BRH:8
end_of_record
TN:
SF:src\models\note.model.js
FN:4,(anonymous_0)
FN:9,(anonymous_1)
FN:17,(anonymous_2)
FN:25,(anonymous_3)
FNF:4
FNH:4
FNDA:6,(anonymous_0)
FNDA:16,(anonymous_1)
FNDA:15,(anonymous_2)
FNDA:12,(anonymous_3)
DA:1,4
DA:3,4
DA:5,6
DA:6,6
DA:10,16
DA:14,16
DA:18,15
DA:22,15
DA:26,12
DA:27,12
DA:31,4
LF:11
LH:11
BRF:0
BRH:0
end_of_record
