TN:
SF:src\controllers\note.controller.js
FN:3,(anonymous_0)
FN:12,(anonymous_1)
FN:32,(anonymous_2)
FN:55,(anonymous_3)
FNF:4
FNH:2
FNDA:0,(anonymous_0)
FNDA:1,(anonymous_1)
FNDA:1,(anonymous_2)
FNDA:0,(anonymous_3)
DA:1,1
DA:3,1
DA:4,0
DA:5,0
DA:6,0
DA:8,0
DA:12,1
DA:13,1
DA:14,1
DA:15,1
DA:16,1
DA:17,1
DA:18,1
DA:20,1
DA:21,1
DA:22,0
DA:25,1
DA:26,1
DA:28,0
DA:32,1
DA:33,1
DA:34,1
DA:35,1
DA:37,1
DA:38,1
DA:39,1
DA:40,1
DA:41,1
DA:43,1
DA:44,1
DA:45,0
DA:48,1
DA:49,1
DA:51,0
DA:55,1
DA:56,0
DA:57,0
DA:58,0
DA:59,0
DA:61,0
LF:40
LH:27
BRDA:15,0,0,1
BRDA:15,0,1,0
BRDA:16,1,0,1
BRDA:16,1,1,0
BRDA:17,2,0,0
BRDA:17,2,1,1
BRDA:18,3,0,0
BRDA:18,3,1,1
BRDA:21,4,0,0
BRDA:21,4,1,1
BRDA:21,5,0,1
BRDA:21,5,1,0
BRDA:37,6,0,1
BRDA:37,6,1,0
BRDA:38,7,0,1
BRDA:38,7,1,0
BRDA:39,8,0,0
BRDA:39,8,1,1
BRDA:40,9,0,1
BRDA:40,9,1,0
BRDA:41,10,0,0
BRDA:41,10,1,1
BRDA:44,11,0,0
BRDA:44,11,1,1
BRDA:44,12,0,1
BRDA:44,12,1,0
BRF:26
BRH:13
end_of_record
TN:
SF:src\database\db.js
FNF:0
FNH:0
DA:1,1
DA:2,1
DA:4,1
DA:13,1
LF:4
LH:4
BRDA:5,0,0,1
BRDA:5,0,1,1
BRDA:6,1,0,1
BRDA:6,1,1,1
BRDA:7,2,0,1
BRDA:7,2,1,1
BRDA:8,3,0,1
BRDA:8,3,1,1
BRF:8
BRH:8
end_of_record
TN:
SF:src\models\note.model.js
FN:4,(anonymous_0)
FN:9,(anonymous_1)
FN:17,(anonymous_2)
FN:25,(anonymous_3)
FNF:4
FNH:4
FNDA:2,(anonymous_0)
FNDA:2,(anonymous_1)
FNDA:1,(anonymous_2)
FNDA:2,(anonymous_3)
DA:1,3
DA:3,3
DA:5,2
DA:6,2
DA:10,2
DA:14,2
DA:18,1
DA:22,1
DA:26,2
DA:27,2
DA:31,3
LF:11
LH:11
BRF:0
BRH:0
end_of_record
